2013-12-06 18:14:46,085 [1] DEBUG NetworkManager [(null)] - Refreshing Hosts
2013-12-06 18:14:46,856 [1] DEBUG NetworkManager [(null)] - Master Server Event: HostListReceived
2013-12-06 18:14:46,871 [1] DEBUG NetworkManager [(null)] - HostList Length: 1
2013-12-06 18:14:48,554 [1] DEBUG NetworkManager [(null)] - Connecting to server
2013-12-06 18:14:48,640 [1] DEBUG NetworkManager [(null)] - Register Player All called for 0
2013-12-06 18:14:48,647 [1] DEBUG NetworkManager [(null)] - Register Player All called for 1
2013-12-06 18:14:48,654 [1] DEBUG LockStepManager [(null)] - Player 0 is ready to start the game.
2013-12-06 18:14:48,662 [1] DEBUG LockStepManager [(null)] - GameStart called. My PlayerID: 1
2013-12-06 18:14:48,691 [1] DEBUG LockStepManager [(null)] - All players are ready to start. Starting Game.
2013-12-06 18:14:48,758 [1] DEBUG LockStepManager [(null)] - LockStepTurnID: 0
2013-12-06 18:14:48,844 [1] DEBUG LockStepManager [(null)] - Sent NoAction action for turn 1
2013-12-06 18:14:48,944 [1] DEBUG LockStepManager [(null)] - LockStepTurnID: 1
2013-12-06 18:14:48,948 [1] DEBUG LockStepManager [(null)] - Sent NoAction action for turn 2
2013-12-06 18:14:49,143 [1] DEBUG LockStepManager [(null)] - LockStepTurnID: 2
2013-12-06 18:14:49,151 [1] DEBUG LockStepManager [(null)] - Sent NoAction action for turn 3
2013-12-06 18:14:49,343 [1] DEBUG LockStepManager [(null)] - LockStepTurnID: 3
2013-12-06 18:14:49,358 [1] DEBUG LockStepManager [(null)] - Sent NoAction action for turn 4
2013-12-06 18:14:49,555 [1] DEBUG LockStepManager [(null)] - LockStepTurnID: 4
2013-12-06 18:14:49,563 [1] DEBUG LockStepManager [(null)] - Sent NoAction action for turn 5
2013-12-06 18:14:49,758 [1] DEBUG LockStepManager [(null)] - LockStepTurnID: 5
2013-12-06 18:14:49,765 [1] DEBUG LockStepManager [(null)] - Sent NoAction action for turn 6
2013-12-06 18:14:49,954 [1] DEBUG LockStepManager [(null)] - LockStepTurnID: 6
2013-12-06 18:14:49,959 [1] DEBUG LockStepManager [(null)] - Sent NoAction action for turn 7
2013-12-06 18:14:50,153 [1] DEBUG LockStepManager [(null)] - LockStepTurnID: 7
2013-12-06 18:14:50,160 [1] DEBUG LockStepManager [(null)] - Sent NoAction action for turn 8
2013-12-06 18:14:50,355 [1] DEBUG LockStepManager [(null)] - LockStepTurnID: 8
2013-12-06 18:14:50,370 [1] DEBUG LockStepManager [(null)] - Sent NoAction action for turn 9
2013-12-06 18:14:50,556 [1] DEBUG LockStepManager [(null)] - LockStepTurnID: 9
2013-12-06 18:14:50,564 [1] DEBUG LockStepManager [(null)] - Sent NoAction action for turn 10
2013-12-06 18:14:50,741 [1] DEBUG LockStepManager [(null)] - LockStepTurnID: 10
2013-12-06 18:14:50,749 [1] DEBUG LockStepManager [(null)] - Sent NoAction action for turn 11
2013-12-06 18:14:50,948 [1] DEBUG LockStepManager [(null)] - LockStepTurnID: 11
2013-12-06 18:14:50,961 [1] DEBUG LockStepManager [(null)] - Sent NoAction action for turn 12
2013-12-06 18:14:51,143 [1] DEBUG LockStepManager [(null)] - LockStepTurnID: 12
2013-12-06 18:14:51,159 [1] DEBUG LockStepManager [(null)] - Sent NoAction action for turn 13
2013-12-06 18:14:51,356 [1] DEBUG LockStepManager [(null)] - LockStepTurnID: 13
2013-12-06 18:14:51,371 [1] DEBUG LockStepManager [(null)] - Sent NoAction action for turn 14
2013-12-06 18:14:51,552 [1] DEBUG LockStepManager [(null)] - LockStepTurnID: 14
2013-12-06 18:14:51,559 [1] DEBUG LockStepManager [(null)] - Sent NoAction action for turn 15
2013-12-06 18:14:51,754 [1] DEBUG LockStepManager [(null)] - LockStepTurnID: 15
2013-12-06 18:14:51,768 [1] DEBUG LockStepManager [(null)] - Sent NoAction action for turn 16
2013-12-06 18:14:51,946 [1] DEBUG LockStepManager [(null)] - LockStepTurnID: 16
2013-12-06 18:14:51,954 [1] DEBUG LockStepManager [(null)] - Sent NoAction action for turn 17
2013-12-06 18:14:52,148 [1] DEBUG LockStepManager [(null)] - LockStepTurnID: 17
2013-12-06 18:14:52,161 [1] DEBUG LockStepManager [(null)] - Sent NoAction action for turn 18
2013-12-06 18:14:52,355 [1] DEBUG LockStepManager [(null)] - LockStepTurnID: 18
2013-12-06 18:14:52,369 [1] DEBUG LockStepManager [(null)] - Sent NoAction action for turn 19
2013-12-06 18:14:52,548 [1] DEBUG LockStepManager [(null)] - LockStepTurnID: 19
2013-12-06 18:14:52,555 [1] DEBUG LockStepManager [(null)] - Sent NoAction action for turn 20
2013-12-06 18:14:52,750 [1] DEBUG LockStepManager [(null)] - LockStepTurnID: 20
2013-12-06 18:14:52,754 [1] DEBUG LockStepManager [(null)] - Sent NoAction action for turn 21
2013-12-06 18:14:52,949 [1] DEBUG LockStepManager [(null)] - LockStepTurnID: 21
2013-12-06 18:14:52,956 [1] DEBUG LockStepManager [(null)] - Sent NoAction action for turn 22
2013-12-06 18:14:53,151 [1] DEBUG LockStepManager [(null)] - LockStepTurnID: 22
2013-12-06 18:14:53,158 [1] DEBUG LockStepManager [(null)] - Sent NoAction action for turn 23
2013-12-06 18:14:53,352 [1] DEBUG LockStepManager [(null)] - LockStepTurnID: 23
2013-12-06 18:14:53,360 [1] DEBUG LockStepManager [(null)] - Sent NoAction action for turn 24
2013-12-06 18:14:53,555 [1] DEBUG LockStepManager [(null)] - LockStepTurnID: 24
2013-12-06 18:14:53,562 [1] DEBUG LockStepManager [(null)] - Sent NoAction action for turn 25
2013-12-06 18:14:53,757 [1] DEBUG LockStepManager [(null)] - LockStepTurnID: 25
2013-12-06 18:14:53,764 [1] DEBUG LockStepManager [(null)] - Sent NoAction action for turn 26
2013-12-06 18:14:53,846 [1] DEBUG NetworkManager [(null)] - Successfully diconnected from the server
2013-12-06 18:14:53,952 [1] DEBUG LockStepManager [(null)] - LockStepTurnID: 26
2013-12-06 18:14:54,001 [1] DEBUG LockStepManager [(null)] - LockStepTurnID: 26
2013-12-06 18:14:54,051 [1] DEBUG LockStepManager [(null)] - LockStepTurnID: 26
2013-12-06 18:14:54,105 [1] DEBUG LockStepManager [(null)] - LockStepTurnID: 26
2013-12-06 18:14:54,155 [1] DEBUG LockStepManager [(null)] - LockStepTurnID: 26
2013-12-06 18:14:54,205 [1] DEBUG LockStepManager [(null)] - LockStepTurnID: 26
2013-12-06 18:14:54,254 [1] DEBUG LockStepManager [(null)] - LockStepTurnID: 26
2013-12-06 18:14:54,304 [1] DEBUG LockStepManager [(null)] - LockStepTurnID: 26
2013-12-06 18:14:54,354 [1] DEBUG LockStepManager [(null)] - LockStepTurnID: 26
2013-12-06 18:14:54,403 [1] DEBUG LockStepManager [(null)] - LockStepTurnID: 26
2013-12-06 18:14:54,453 [1] DEBUG LockStepManager [(null)] - LockStepTurnID: 26
2013-12-06 18:14:54,503 [1] DEBUG LockStepManager [(null)] - LockStepTurnID: 26
2013-12-06 18:14:54,552 [1] DEBUG LockStepManager [(null)] - LockStepTurnID: 26
2013-12-06 18:14:54,602 [1] DEBUG LockStepManager [(null)] - LockStepTurnID: 26
2013-12-06 18:14:54,652 [1] DEBUG LockStepManager [(null)] - LockStepTurnID: 26
2013-12-06 18:14:54,706 [1] DEBUG LockStepManager [(null)] - LockStepTurnID: 26
2013-12-06 18:14:54,756 [1] DEBUG LockStepManager [(null)] - LockStepTurnID: 26
2013-12-06 18:14:54,806 [1] DEBUG LockStepManager [(null)] - LockStepTurnID: 26
2013-12-06 18:14:54,855 [1] DEBUG LockStepManager [(null)] - LockStepTurnID: 26
2013-12-06 18:14:54,905 [1] DEBUG LockStepManager [(null)] - LockStepTurnID: 26
2013-12-06 18:14:54,955 [1] DEBUG LockStepManager [(null)] - LockStepTurnID: 26
2013-12-06 18:14:55,004 [1] DEBUG LockStepManager [(null)] - LockStepTurnID: 26
2013-12-06 18:14:55,054 [1] DEBUG LockStepManager [(null)] - LockStepTurnID: 26
2013-12-06 18:14:55,104 [1] DEBUG LockStepManager [(null)] - LockStepTurnID: 26
2013-12-06 18:14:55,153 [1] DEBUG LockStepManager [(null)] - LockStepTurnID: 26
2013-12-06 18:14:55,203 [1] DEBUG LockStepManager [(null)] - LockStepTurnID: 26
2013-12-06 18:14:55,253 [1] DEBUG LockStepManager [(null)] - LockStepTurnID: 26
2013-12-06 18:14:55,302 [1] DEBUG LockStepManager [(null)] - LockStepTurnID: 26
2013-12-06 18:14:55,352 [1] DEBUG LockStepManager [(null)] - LockStepTurnID: 26
2013-12-06 18:14:55,402 [1] DEBUG LockStepManager [(null)] - LockStepTurnID: 26
2013-12-06 18:14:55,451 [1] DEBUG LockStepManager [(null)] - LockStepTurnID: 26
2013-12-06 18:14:55,501 [1] DEBUG LockStepManager [(null)] - LockStepTurnID: 26
2013-12-06 18:14:55,551 [1] DEBUG LockStepManager [(null)] - LockStepTurnID: 26
2013-12-06 18:14:55,605 [1] DEBUG LockStepManager [(null)] - LockStepTurnID: 26
2013-12-06 18:14:55,655 [1] DEBUG LockStepManager [(null)] - LockStepTurnID: 26
2013-12-06 18:14:55,704 [1] DEBUG LockStepManager [(null)] - LockStepTurnID: 26
2013-12-06 18:14:55,754 [1] DEBUG LockStepManager [(null)] - LockStepTurnID: 26
2013-12-06 18:14:55,804 [1] DEBUG LockStepManager [(null)] - LockStepTurnID: 26
2013-12-06 18:14:55,853 [1] DEBUG LockStepManager [(null)] - LockStepTurnID: 26
2013-12-06 18:14:55,903 [1] DEBUG LockStepManager [(null)] - LockStepTurnID: 26
2013-12-06 18:14:55,953 [1] DEBUG LockStepManager [(null)] - LockStepTurnID: 26
2013-12-06 18:14:56,003 [1] DEBUG LockStepManager [(null)] - LockStepTurnID: 26
2013-12-06 18:14:56,052 [1] DEBUG LockStepManager [(null)] - LockStepTurnID: 26
2013-12-06 18:14:56,102 [1] DEBUG LockStepManager [(null)] - LockStepTurnID: 26
2013-12-06 18:14:56,157 [1] DEBUG LockStepManager [(null)] - LockStepTurnID: 26
2013-12-06 18:14:56,194 [1] DEBUG LockStepManager [(null)] - LockStepTurnID: 26
2013-12-06 18:14:56,244 [1] DEBUG LockStepManager [(null)] - LockStepTurnID: 26
2013-12-06 18:14:56,294 [1] DEBUG LockStepManager [(null)] - LockStepTurnID: 26
2013-12-06 18:14:56,344 [1] DEBUG LockStepManager [(null)] - LockStepTurnID: 26
2013-12-06 18:14:56,393 [1] DEBUG LockStepManager [(null)] - LockStepTurnID: 26
2013-12-06 18:14:56,443 [1] DEBUG LockStepManager [(null)] - LockStepTurnID: 26
2013-12-06 18:14:56,492 [1] DEBUG LockStepManager [(null)] - LockStepTurnID: 26
2013-12-06 18:14:56,542 [1] DEBUG LockStepManager [(null)] - LockStepTurnID: 26
2013-12-06 18:14:56,592 [1] DEBUG LockStepManager [(null)] - LockStepTurnID: 26
2013-12-06 18:14:56,642 [1] DEBUG LockStepManager [(null)] - LockStepTurnID: 26
2013-12-06 18:14:56,708 [1] DEBUG LockStepManager [(null)] - LockStepTurnID: 26
2013-12-06 18:14:56,758 [1] DEBUG LockStepManager [(null)] - LockStepTurnID: 26
2013-12-06 18:14:56,807 [1] DEBUG LockStepManager [(null)] - LockStepTurnID: 26
2013-12-06 18:14:56,857 [1] DEBUG LockStepManager [(null)] - LockStepTurnID: 26
2013-12-06 18:14:56,907 [1] DEBUG LockStepManager [(null)] - LockStepTurnID: 26
2013-12-06 18:14:56,957 [1] DEBUG LockStepManager [(null)] - LockStepTurnID: 26
2013-12-06 18:14:57,006 [1] DEBUG LockStepManager [(null)] - LockStepTurnID: 26
2013-12-06 18:14:57,056 [1] DEBUG LockStepManager [(null)] - LockStepTurnID: 26
2013-12-06 18:14:57,106 [1] DEBUG LockStepManager [(null)] - LockStepTurnID: 26
2013-12-06 18:14:57,155 [1] DEBUG LockStepManager [(null)] - LockStepTurnID: 26
2013-12-06 18:14:57,205 [1] DEBUG LockStepManager [(null)] - LockStepTurnID: 26
2013-12-06 18:14:57,255 [1] DEBUG LockStepManager [(null)] - LockStepTurnID: 26
2013-12-06 18:14:57,304 [1] DEBUG LockStepManager [(null)] - LockStepTurnID: 26
2013-12-06 18:14:57,354 [1] DEBUG LockStepManager [(null)] - LockStepTurnID: 26
2013-12-06 18:14:57,404 [1] DEBUG LockStepManager [(null)] - LockStepTurnID: 26
2013-12-06 18:14:57,453 [1] DEBUG LockStepManager [(null)] - LockStepTurnID: 26
2013-12-06 18:14:57,503 [1] DEBUG LockStepManager [(null)] - LockStepTurnID: 26
2013-12-06 18:14:57,553 [1] DEBUG LockStepManager [(null)] - LockStepTurnID: 26
2013-12-06 18:14:57,603 [1] DEBUG LockStepManager [(null)] - LockStepTurnID: 26
2013-12-06 18:14:57,652 [1] DEBUG LockStepManager [(null)] - LockStepTurnID: 26
2013-12-06 18:14:57,702 [1] DEBUG LockStepManager [(null)] - LockStepTurnID: 26
2013-12-06 18:14:57,751 [1] DEBUG LockStepManager [(null)] - LockStepTurnID: 26
2013-12-06 18:14:57,802 [1] DEBUG LockStepManager [(null)] - LockStepTurnID: 26
2013-12-06 18:14:57,856 [1] DEBUG LockStepManager [(null)] - LockStepTurnID: 26
2013-12-06 18:14:57,906 [1] DEBUG LockStepManager [(null)] - LockStepTurnID: 26
2013-12-06 18:14:57,956 [1] DEBUG LockStepManager [(null)] - LockStepTurnID: 26
2013-12-06 18:14:58,005 [1] DEBUG LockStepManager [(null)] - LockStepTurnID: 26
2013-12-06 18:14:58,055 [1] DEBUG LockStepManager [(null)] - LockStepTurnID: 26
2013-12-06 18:14:58,105 [1] DEBUG LockStepManager [(null)] - LockStepTurnID: 26
2013-12-06 18:14:58,154 [1] DEBUG LockStepManager [(null)] - LockStepTurnID: 26
2013-12-06 18:14:58,204 [1] DEBUG LockStepManager [(null)] - LockStepTurnID: 26
2013-12-06 18:14:58,254 [1] DEBUG LockStepManager [(null)] - LockStepTurnID: 26
2013-12-06 18:14:58,303 [1] DEBUG LockStepManager [(null)] - LockStepTurnID: 26
2013-12-06 18:14:58,353 [1] DEBUG LockStepManager [(null)] - LockStepTurnID: 26
2013-12-06 18:14:58,403 [1] DEBUG LockStepManager [(null)] - LockStepTurnID: 26
2013-12-06 18:14:58,452 [1] DEBUG LockStepManager [(null)] - LockStepTurnID: 26
2013-12-06 18:14:58,502 [1] DEBUG LockStepManager [(null)] - LockStepTurnID: 26
2013-12-06 18:14:58,552 [1] DEBUG LockStepManager [(null)] - LockStepTurnID: 26
2013-12-06 18:14:58,602 [1] DEBUG LockStepManager [(null)] - LockStepTurnID: 26
2013-12-06 18:14:58,651 [1] DEBUG LockStepManager [(null)] - LockStepTurnID: 26
